<?xml version="1.0" encoding="UTF-8"?>
<testsuite xmlns:xsi="http://www.w3.org/2001/XMLSchema-instance" xsi:noNamespaceSchemaLocation="https://maven.apache.org/surefire/maven-surefire-plugin/xsd/surefire-test-report.xsd" name="AboutAirport.TC_003" time="24.793" tests="3" errors="0" skipped="2" failures="1">
  <properties>
[...]
</properties>
  <testcase name="configurationAppium" classname="AboutAirport.TC_003" time="24.549">
    <failure message="Could not start a new session. Response code 500. Message: An unknown server-side error occurred while processing the command. Original error: Could not find a connected Android device in 20081ms.&#10;Build info: version: &apos;4.4.0&apos;, revision: &apos;e5c75ed026a&apos;&#10;System info: host: &apos;LAPTOP-4IN1F9OR&apos;, ip: &apos;192.168.10.33&apos;, os.name: &apos;Windows 10&apos;, os.arch: &apos;amd64&apos;, os.version: &apos;10.0&apos;, java.version: &apos;11.0.16&apos;&#10;Driver info: io.appium.java_client.android.AndroidDriver&#10;Command: [null, newSession {capabilities=[{appium:autoGrantPermissions=true, appium:deviceName=Toufic1, platformName=ANDROID, appium:automationName=UIAutomator2, appium:app=/Users/Toufic/Desktop/Udemy/AVTestCases/src/test/java/resources/airportview-2.1.apk}], desiredCapabilities=Capabilities {appium:app: /Users/Toufic/Desktop/Udemy..., appium:autoGrantPermissions: true, appium:automationName: UIAutomator2, appium:deviceName: Toufic1, platformName: ANDROID}}]&#10;Capabilities {}" type="org.openqa.selenium.SessionNotCreatedException">org.openqa.selenium.SessionNotCreatedException: 
Could not start a new session. Response code 500. Message: An unknown server-side error occurred while processing the command. Original error: Could not find a connected Android device in 20081ms.
Build info: version: '4.4.0', revision: 'e5c75ed026a'
System info: host: 'LAPTOP-4IN1F9OR', ip: '192.168.10.33', os.name: 'Windows 10', os.arch: 'amd64', os.version: '10.0', java.version: '11.0.16'
Driver info: io.appium.java_client.android.AndroidDriver
Command: [null, newSession {capabilities=[{appium:autoGrantPermissions=true, appium:deviceName=Toufic1, platformName=ANDROID, appium:automationName=UIAutomator2, appium:app=/Users/Toufic/Desktop/Udemy/AVTestCases/src/test/java/resources/airportview-2.1.apk}], desiredCapabilities=Capabilities {appium:app: /Users/Toufic/Desktop/Udemy..., appium:autoGrantPermissions: true, appium:automationName: UIAutomator2, appium:deviceName: Toufic1, platformName: ANDROID}}]
Capabilities {}
</failure>
    <system-err><![CDATA[SLF4J: Failed to load class "org.slf4j.impl.StaticLoggerBinder".
SLF4J: Defaulting to no-operation (NOP) logger implementation
SLF4J: See http://www.slf4j.org/codes.html#StaticLoggerBinder for further details.
]]></system-err>
  </testcase>
  <testcase name="test" classname="AboutAirport.TC_003" time="0">
    <skipped message="Could not start a new session. Response code 500. Message: An unknown server-side error occurred while processing the command. Original error: Could not find a connected Android device in 20081ms.&#10;Build info: version: &apos;4.4.0&apos;, revision: &apos;e5c75ed026a&apos;&#10;System info: host: &apos;LAPTOP-4IN1F9OR&apos;, ip: &apos;192.168.10.33&apos;, os.name: &apos;Windows 10&apos;, os.arch: &apos;amd64&apos;, os.version: &apos;10.0&apos;, java.version: &apos;11.0.16&apos;&#10;Driver info: io.appium.java_client.android.AndroidDriver&#10;Command: [null, newSession {capabilities=[{appium:autoGrantPermissions=true, appium:deviceName=Toufic1, platformName=ANDROID, appium:automationName=UIAutomator2, appium:app=/Users/Toufic/Desktop/Udemy/AVTestCases/src/test/java/resources/airportview-2.1.apk}], desiredCapabilities=Capabilities {appium:app: /Users/Toufic/Desktop/Udemy..., appium:autoGrantPermissions: true, appium:automationName: UIAutomator2, appium:deviceName: Toufic1, platformName: ANDROID}}]&#10;Capabilities {}"/>
  </testcase>
  <testcase name="tearDown" classname="AboutAirport.TC_003" time="0">
    <skipped/>
  </testcase>
</testsuite>